\BOOKMARK [1][-]{section.1}{[Introduzione}{}% 1
\BOOKMARK [1][-]{section.2}{ROS per NVIDIA Jetson TX2}{}% 2
\BOOKMARK [2][-]{subsection.2.1}{Setup tramite tool Jetpack}{section.2}% 3
\BOOKMARK [2][-]{subsection.2.2}{Backup e ripristino}{section.2}% 4
\BOOKMARK [3][-]{subsubsection.2.2.1}{Backup}{subsection.2.2}% 5
\BOOKMARK [3][-]{subsubsection.2.2.2}{Ripristino}{subsection.2.2}% 6
\BOOKMARK [2][-]{subsection.2.3}{Possibile errore}{section.2}% 7
\BOOKMARK [2][-]{subsection.2.4}{Setup di Ubuntu}{section.2}% 8
\BOOKMARK [3][-]{subsubsection.2.4.1}{Setup tastiera}{subsection.2.4}% 9
\BOOKMARK [3][-]{subsubsection.2.4.2}{Installazione ROS}{subsection.2.4}% 10
\BOOKMARK [1][-]{section.3}{ROS: COMUNICAZIONE SERIALE TRAMITE USB}{}% 11
\BOOKMARK [1][-]{section.4}{ZED}{}% 12
\BOOKMARK [2][-]{subsection.4.1}{ZED SDK}{section.4}% 13
\BOOKMARK [2][-]{subsection.4.2}{ZED-ROS WRAPPER}{section.4}% 14
\BOOKMARK [2][-]{subsection.4.3}{RVIZ}{section.4}% 15
\BOOKMARK [2][-]{subsection.4.4}{STAR-MARKER-FINDER}{section.4}% 16
\BOOKMARK [2][-]{subsection.4.5}{Marker-finder su architettura distribuita}{section.4}% 17
\BOOKMARK [1][-]{section.5}{eProsima DDS}{}% 18
\BOOKMARK [2][-]{subsection.5.1}{ROS 2}{section.5}% 19
\BOOKMARK [2][-]{subsection.5.2}{eProsima}{section.5}% 20
\BOOKMARK [2][-]{subsection.5.3}{installazione}{section.5}% 21
